<?xml version="1.0" encoding="UTF-8"?>
<testsuite name="All Tests"
           tests="5"
           failures="0"
           errors="0"
           skipped="0"
           time="57.270">
  <properties />
  
  
            <testcase name="customerShouldDepositMoneySuccessfully" time="14.548" classname="com.bank.testsuite.BankTest" />
                <testcase name="customerShouldWithdrawMoneySuccessfully" time="25.676" classname="com.bank.testsuite.BankTest" />
                <testcase name="bankManagerShouldOpenAccountSuccessfully" time="3.121" classname="com.bank.testsuite.BankTest" />
                <testcase name="bankManagerShouldAddCustomerSuccessfully" time="1.611" classname="com.bank.testsuite.BankTest" />
                <testcase name="customerShouldLoginAndLogoutSuccessfully" time="12.314" classname="com.bank.testsuite.BankTest" />
      
</testsuite>
