<?xml version="1.0" encoding="UTF-8"?>
<testng-results skipped="0" failed="0" ignored="0" total="5" passed="5">
  <reporter-output>
    <line>
      <![CDATA[Clicks on Managers Login Button By.xpath: //button[contains(text(),'Bank Manager Login')]<br>]]>
    </line>
    <line>
      <![CDATA[Clicks on Add Customer Button By.xpath: //div[@class='center']//button[@ng-class='btnClass1']<br>]]>
    </line>
    <line>
      <![CDATA[Click on Add First Name Field By.xpath: //div[@class='form-group']//input[@placeholder='First Name']<br>]]>
    </line>
    <line>
      <![CDATA[Sends text to LastName Field By.xpath: //div[@class='form-group']//input[@placeholder='Last Name']<br>]]>
    </line>
    <line>
      <![CDATA[send text to PostCode Field By.xpath: //div[@class='form-group']//input[@placeholder='Post Code']<br>]]>
    </line>
    <line>
      <![CDATA[Clicks on Add to Customer ButtonBy.xpath: //button[@type='submit']<br>]]>
    </line>
    <line>
      <![CDATA[Clicks on Managers Login Button By.xpath: //button[contains(text(),'Bank Manager Login')]<br>]]>
    </line>
    <line>
      <![CDATA[Clicks on Add Customer Button By.xpath: //div[@class='center']//button[@ng-class='btnClass1']<br>]]>
    </line>
    <line>
      <![CDATA[Click on Add First Name Field By.xpath: //div[@class='form-group']//input[@placeholder='First Name']<br>]]>
    </line>
    <line>
      <![CDATA[Sends text to LastName Field By.xpath: //div[@class='form-group']//input[@placeholder='Last Name']<br>]]>
    </line>
    <line>
      <![CDATA[send text to PostCode Field By.xpath: //div[@class='form-group']//input[@placeholder='Post Code']<br>]]>
    </line>
    <line>
      <![CDATA[Clicks on Add to Customer ButtonBy.xpath: //button[@type='submit']<br>]]>
    </line>
    <line>
      <![CDATA[Clicks on Open Account Button By.xpath: //div[@class='center']//button[@ng-class='btnClass2']<br>]]>
    </line>
    <line>
      <![CDATA[Selects Customer Name from Drop Down By.xpath: //select[@id='userSelect']<br>]]>
    </line>
    <line>
      <![CDATA[Selects Currency Drop Down By.xpath: //select[@id='currency']<br>]]>
    </line>
    <line>
      <![CDATA[Clicks on Process Button By.xpath: //button[contains(text(),'Process')]<br>]]>
    </line>
    <line>
      <![CDATA[Clicks on Managers Login Button By.xpath: //button[contains(text(),'Bank Manager Login')]<br>]]>
    </line>
    <line>
      <![CDATA[Clicks on Add Customer Button By.xpath: //div[@class='center']//button[@ng-class='btnClass1']<br>]]>
    </line>
    <line>
      <![CDATA[Click on Add First Name Field By.xpath: //div[@class='form-group']//input[@placeholder='First Name']<br>]]>
    </line>
    <line>
      <![CDATA[Sends text to LastName Field By.xpath: //div[@class='form-group']//input[@placeholder='Last Name']<br>]]>
    </line>
    <line>
      <![CDATA[send text to PostCode Field By.xpath: //div[@class='form-group']//input[@placeholder='Post Code']<br>]]>
    </line>
    <line>
      <![CDATA[Clicks on Add to Customer ButtonBy.xpath: //button[@type='submit']<br>]]>
    </line>
    <line>
      <![CDATA[Clicks on Open Account Button By.xpath: //div[@class='center']//button[@ng-class='btnClass2']<br>]]>
    </line>
    <line>
      <![CDATA[Selects Customer Name from Drop Down By.xpath: //select[@id='userSelect']<br>]]>
    </line>
    <line>
      <![CDATA[Selects Currency Drop Down By.xpath: //select[@id='currency']<br>]]>
    </line>
    <line>
      <![CDATA[Clicks on Process Button By.xpath: //button[contains(text(),'Process')]<br>]]>
    </line>
    <line>
      <![CDATA[Selects Customer Name from Drop Down By.xpath: //select[@id='userSelect']<br>]]>
    </line>
    <line>
      <![CDATA[Clicks on Login Button By.xpath: //button[contains(text(),'Login')]<br>]]>
    </line>
    <line>
      <![CDATA[clicking on depositBy.xpath: //button[2][contains(text(),'Deposit')]<br>]]>
    </line>
    <line>
      <![CDATA[deposit money By.xpath: //div[@class='form-group']/input<br>]]>
    </line>
    <line>
      <![CDATA[clicking on depositBy.xpath: //form[@name='myForm']/button<br>]]>
    </line>
    <line>
      <![CDATA[get message to verifyBy.xpath: //span[contains(text(),'Deposit Successful')]<br>]]>
    </line>
    <line>
      <![CDATA[Clicks on Managers Login Button By.xpath: //button[contains(text(),'Bank Manager Login')]<br>]]>
    </line>
    <line>
      <![CDATA[Clicks on Add Customer Button By.xpath: //div[@class='center']//button[@ng-class='btnClass1']<br>]]>
    </line>
    <line>
      <![CDATA[Click on Add First Name Field By.xpath: //div[@class='form-group']//input[@placeholder='First Name']<br>]]>
    </line>
    <line>
      <![CDATA[Sends text to LastName Field By.xpath: //div[@class='form-group']//input[@placeholder='Last Name']<br>]]>
    </line>
    <line>
      <![CDATA[send text to PostCode Field By.xpath: //div[@class='form-group']//input[@placeholder='Post Code']<br>]]>
    </line>
    <line>
      <![CDATA[Clicks on Add to Customer ButtonBy.xpath: //button[@type='submit']<br>]]>
    </line>
    <line>
      <![CDATA[Selects Customer Name from Drop Down By.xpath: //select[@id='userSelect']<br>]]>
    </line>
    <line>
      <![CDATA[Clicks on Login Button By.xpath: //button[contains(text(),'Login')]<br>]]>
    </line>
    <line>
      <![CDATA[verification of logout btn By.xpath: //button[contains(text(),'Logout')]<br>]]>
    </line>
    <line>
      <![CDATA[Clicks on Managers Login Button By.xpath: //button[contains(text(),'Bank Manager Login')]<br>]]>
    </line>
    <line>
      <![CDATA[Clicks on Add Customer Button By.xpath: //div[@class='center']//button[@ng-class='btnClass1']<br>]]>
    </line>
    <line>
      <![CDATA[Click on Add First Name Field By.xpath: //div[@class='form-group']//input[@placeholder='First Name']<br>]]>
    </line>
    <line>
      <![CDATA[Sends text to LastName Field By.xpath: //div[@class='form-group']//input[@placeholder='Last Name']<br>]]>
    </line>
    <line>
      <![CDATA[send text to PostCode Field By.xpath: //div[@class='form-group']//input[@placeholder='Post Code']<br>]]>
    </line>
    <line>
      <![CDATA[Clicks on Add to Customer ButtonBy.xpath: //button[@type='submit']<br>]]>
    </line>
    <line>
      <![CDATA[Clicks on Open Account Button By.xpath: //div[@class='center']//button[@ng-class='btnClass2']<br>]]>
    </line>
    <line>
      <![CDATA[Selects Customer Name from Drop Down By.xpath: //select[@id='userSelect']<br>]]>
    </line>
    <line>
      <![CDATA[Selects Currency Drop Down By.xpath: //select[@id='currency']<br>]]>
    </line>
    <line>
      <![CDATA[Clicks on Process Button By.xpath: //button[contains(text(),'Process')]<br>]]>
    </line>
    <line>
      <![CDATA[Selects Customer Name from Drop Down By.xpath: //select[@id='userSelect']<br>]]>
    </line>
    <line>
      <![CDATA[Clicks on Login Button By.xpath: //button[contains(text(),'Login')]<br>]]>
    </line>
    <line>
      <![CDATA[clicking on depositBy.xpath: //button[2][contains(text(),'Deposit')]<br>]]>
    </line>
    <line>
      <![CDATA[deposit money By.xpath: //div[@class='form-group']/input<br>]]>
    </line>
    <line>
      <![CDATA[clicking on depositBy.xpath: //form[@name='myForm']/button<br>]]>
    </line>
    <line>
      <![CDATA[get message to verifyBy.xpath: //span[contains(text(),'Deposit Successful')]<br>]]>
    </line>
    <line>
      <![CDATA[Selects Customer Name from Drop Down By.xpath: //select[@id='userSelect']<br>]]>
    </line>
    <line>
      <![CDATA[Clicks on Login Button By.xpath: //button[contains(text(),'Login')]<br>]]>
    </line>
    <line>
      <![CDATA[clicking on Withdrawal btnBy.xpath: //button[3][contains(text(),'Withdraw')]<br>]]>
    </line>
    <line>
      <![CDATA[enter Withdrawal amountBy.xpath: //div[@class='form-group']/input<br>]]>
    </line>
    <line>
      <![CDATA[clicking on WithdrawalBy.xpath: //form[@name='myForm']/button<br>]]>
    </line>
    <line>
      <![CDATA[get message to verifyBy.xpath: //span[contains(text(),'Transaction successful')]<br>]]>
    </line>
  </reporter-output>
  <suite name="testsuite" duration-ms="96124" started-at="2020-12-03T21:24:09Z" finished-at="2020-12-03T21:25:45Z">
    <groups>
    </groups>
    <test name="All Test" duration-ms="96124" started-at="2020-12-03T21:24:09Z" finished-at="2020-12-03T21:25:45Z">
      <class name="com.bank.testsuite.BankTest">
        <test-method status="PASS" signature="setUp()[pri:0, instance:com.bank.testsuite.BankTest@edf4efb]" name="setUp" is-config="true" duration-ms="7525" started-at="2020-12-03T21:24:09Z" finished-at="2020-12-03T21:24:17Z">
          <reporter-output>
          </reporter-output>
        </test-method> <!-- setUp -->
        <test-method status="PASS" signature="bankManagerShouldAddCustomerSuccessfully()[pri:0, instance:com.bank.testsuite.BankTest@edf4efb]" name="bankManagerShouldAddCustomerSuccessfully" duration-ms="1701" started-at="2020-12-03T21:24:17Z" finished-at="2020-12-03T21:24:18Z">
          <reporter-output>
            <line>
              <![CDATA[Clicks on Managers Login Button By.xpath: //button[contains(text(),'Bank Manager Login')]<br>]]>
            </line>
            <line>
              <![CDATA[Clicks on Add Customer Button By.xpath: //div[@class='center']//button[@ng-class='btnClass1']<br>]]>
            </line>
            <line>
              <![CDATA[Click on Add First Name Field By.xpath: //div[@class='form-group']//input[@placeholder='First Name']<br>]]>
            </line>
            <line>
              <![CDATA[Sends text to LastName Field By.xpath: //div[@class='form-group']//input[@placeholder='Last Name']<br>]]>
            </line>
            <line>
              <![CDATA[send text to PostCode Field By.xpath: //div[@class='form-group']//input[@placeholder='Post Code']<br>]]>
            </line>
            <line>
              <![CDATA[Clicks on Add to Customer ButtonBy.xpath: //button[@type='submit']<br>]]>
            </line>
          </reporter-output>
        </test-method> <!-- bankManagerShouldAddCustomerSuccessfully -->
        <test-method status="PASS" signature="tearDown()[pri:0, instance:com.bank.testsuite.BankTest@edf4efb]" name="tearDown" is-config="true" duration-ms="660" started-at="2020-12-03T21:24:18Z" finished-at="2020-12-03T21:24:19Z">
          <reporter-output>
          </reporter-output>
        </test-method> <!-- tearDown -->
        <test-method status="PASS" signature="setUp()[pri:0, instance:com.bank.testsuite.BankTest@edf4efb]" name="setUp" is-config="true" duration-ms="6610" started-at="2020-12-03T21:24:19Z" finished-at="2020-12-03T21:24:26Z">
          <reporter-output>
          </reporter-output>
        </test-method> <!-- setUp -->
        <test-method status="PASS" signature="bankManagerShouldOpenAccountSuccessfully()[pri:0, instance:com.bank.testsuite.BankTest@edf4efb]" name="bankManagerShouldOpenAccountSuccessfully" duration-ms="3290" started-at="2020-12-03T21:24:26Z" finished-at="2020-12-03T21:24:29Z">
          <reporter-output>
            <line>
              <![CDATA[Clicks on Managers Login Button By.xpath: //button[contains(text(),'Bank Manager Login')]<br>]]>
            </line>
            <line>
              <![CDATA[Clicks on Add Customer Button By.xpath: //div[@class='center']//button[@ng-class='btnClass1']<br>]]>
            </line>
            <line>
              <![CDATA[Click on Add First Name Field By.xpath: //div[@class='form-group']//input[@placeholder='First Name']<br>]]>
            </line>
            <line>
              <![CDATA[Sends text to LastName Field By.xpath: //div[@class='form-group']//input[@placeholder='Last Name']<br>]]>
            </line>
            <line>
              <![CDATA[send text to PostCode Field By.xpath: //div[@class='form-group']//input[@placeholder='Post Code']<br>]]>
            </line>
            <line>
              <![CDATA[Clicks on Add to Customer ButtonBy.xpath: //button[@type='submit']<br>]]>
            </line>
            <line>
              <![CDATA[Clicks on Open Account Button By.xpath: //div[@class='center']//button[@ng-class='btnClass2']<br>]]>
            </line>
            <line>
              <![CDATA[Selects Customer Name from Drop Down By.xpath: //select[@id='userSelect']<br>]]>
            </line>
            <line>
              <![CDATA[Selects Currency Drop Down By.xpath: //select[@id='currency']<br>]]>
            </line>
            <line>
              <![CDATA[Clicks on Process Button By.xpath: //button[contains(text(),'Process')]<br>]]>
            </line>
          </reporter-output>
        </test-method> <!-- bankManagerShouldOpenAccountSuccessfully -->
        <test-method status="PASS" signature="tearDown()[pri:0, instance:com.bank.testsuite.BankTest@edf4efb]" name="tearDown" is-config="true" duration-ms="659" started-at="2020-12-03T21:24:29Z" finished-at="2020-12-03T21:24:30Z">
          <reporter-output>
          </reporter-output>
        </test-method> <!-- tearDown -->
        <test-method status="PASS" signature="setUp()[pri:0, instance:com.bank.testsuite.BankTest@edf4efb]" name="setUp" is-config="true" duration-ms="6580" started-at="2020-12-03T21:24:30Z" finished-at="2020-12-03T21:24:36Z">
          <reporter-output>
          </reporter-output>
        </test-method> <!-- setUp -->
        <test-method status="PASS" signature="customerShouldDepositMoneySuccessfully()[pri:0, instance:com.bank.testsuite.BankTest@edf4efb]" name="customerShouldDepositMoneySuccessfully" duration-ms="15114" started-at="2020-12-03T21:24:36Z" finished-at="2020-12-03T21:24:51Z">
          <reporter-output>
            <line>
              <![CDATA[Clicks on Managers Login Button By.xpath: //button[contains(text(),'Bank Manager Login')]<br>]]>
            </line>
            <line>
              <![CDATA[Clicks on Add Customer Button By.xpath: //div[@class='center']//button[@ng-class='btnClass1']<br>]]>
            </line>
            <line>
              <![CDATA[Click on Add First Name Field By.xpath: //div[@class='form-group']//input[@placeholder='First Name']<br>]]>
            </line>
            <line>
              <![CDATA[Sends text to LastName Field By.xpath: //div[@class='form-group']//input[@placeholder='Last Name']<br>]]>
            </line>
            <line>
              <![CDATA[send text to PostCode Field By.xpath: //div[@class='form-group']//input[@placeholder='Post Code']<br>]]>
            </line>
            <line>
              <![CDATA[Clicks on Add to Customer ButtonBy.xpath: //button[@type='submit']<br>]]>
            </line>
            <line>
              <![CDATA[Clicks on Open Account Button By.xpath: //div[@class='center']//button[@ng-class='btnClass2']<br>]]>
            </line>
            <line>
              <![CDATA[Selects Customer Name from Drop Down By.xpath: //select[@id='userSelect']<br>]]>
            </line>
            <line>
              <![CDATA[Selects Currency Drop Down By.xpath: //select[@id='currency']<br>]]>
            </line>
            <line>
              <![CDATA[Clicks on Process Button By.xpath: //button[contains(text(),'Process')]<br>]]>
            </line>
            <line>
              <![CDATA[Selects Customer Name from Drop Down By.xpath: //select[@id='userSelect']<br>]]>
            </line>
            <line>
              <![CDATA[Clicks on Login Button By.xpath: //button[contains(text(),'Login')]<br>]]>
            </line>
            <line>
              <![CDATA[clicking on depositBy.xpath: //button[2][contains(text(),'Deposit')]<br>]]>
            </line>
            <line>
              <![CDATA[deposit money By.xpath: //div[@class='form-group']/input<br>]]>
            </line>
            <line>
              <![CDATA[clicking on depositBy.xpath: //form[@name='myForm']/button<br>]]>
            </line>
            <line>
              <![CDATA[get message to verifyBy.xpath: //span[contains(text(),'Deposit Successful')]<br>]]>
            </line>
          </reporter-output>
        </test-method> <!-- customerShouldDepositMoneySuccessfully -->
        <test-method status="PASS" signature="tearDown()[pri:0, instance:com.bank.testsuite.BankTest@edf4efb]" name="tearDown" is-config="true" duration-ms="696" started-at="2020-12-03T21:24:51Z" finished-at="2020-12-03T21:24:52Z">
          <reporter-output>
          </reporter-output>
        </test-method> <!-- tearDown -->
        <test-method status="PASS" signature="setUp()[pri:0, instance:com.bank.testsuite.BankTest@edf4efb]" name="setUp" is-config="true" duration-ms="6670" started-at="2020-12-03T21:24:52Z" finished-at="2020-12-03T21:24:59Z">
          <reporter-output>
          </reporter-output>
        </test-method> <!-- setUp -->
        <test-method status="PASS" signature="customerShouldLoginAndLogoutSuccessfully()[pri:0, instance:com.bank.testsuite.BankTest@edf4efb]" name="customerShouldLoginAndLogoutSuccessfully" duration-ms="12594" started-at="2020-12-03T21:24:59Z" finished-at="2020-12-03T21:25:11Z">
          <reporter-output>
            <line>
              <![CDATA[Clicks on Managers Login Button By.xpath: //button[contains(text(),'Bank Manager Login')]<br>]]>
            </line>
            <line>
              <![CDATA[Clicks on Add Customer Button By.xpath: //div[@class='center']//button[@ng-class='btnClass1']<br>]]>
            </line>
            <line>
              <![CDATA[Click on Add First Name Field By.xpath: //div[@class='form-group']//input[@placeholder='First Name']<br>]]>
            </line>
            <line>
              <![CDATA[Sends text to LastName Field By.xpath: //div[@class='form-group']//input[@placeholder='Last Name']<br>]]>
            </line>
            <line>
              <![CDATA[send text to PostCode Field By.xpath: //div[@class='form-group']//input[@placeholder='Post Code']<br>]]>
            </line>
            <line>
              <![CDATA[Clicks on Add to Customer ButtonBy.xpath: //button[@type='submit']<br>]]>
            </line>
            <line>
              <![CDATA[Selects Customer Name from Drop Down By.xpath: //select[@id='userSelect']<br>]]>
            </line>
            <line>
              <![CDATA[Clicks on Login Button By.xpath: //button[contains(text(),'Login')]<br>]]>
            </line>
            <line>
              <![CDATA[verification of logout btn By.xpath: //button[contains(text(),'Logout')]<br>]]>
            </line>
          </reporter-output>
        </test-method> <!-- customerShouldLoginAndLogoutSuccessfully -->
        <test-method status="PASS" signature="tearDown()[pri:0, instance:com.bank.testsuite.BankTest@edf4efb]" name="tearDown" is-config="true" duration-ms="696" started-at="2020-12-03T21:25:11Z" finished-at="2020-12-03T21:25:12Z">
          <reporter-output>
          </reporter-output>
        </test-method> <!-- tearDown -->
        <test-method status="PASS" signature="setUp()[pri:0, instance:com.bank.testsuite.BankTest@edf4efb]" name="setUp" is-config="true" duration-ms="6673" started-at="2020-12-03T21:25:12Z" finished-at="2020-12-03T21:25:19Z">
          <reporter-output>
          </reporter-output>
        </test-method> <!-- setUp -->
        <test-method status="PASS" signature="customerShouldWithdrawMoneySuccessfully()[pri:0, instance:com.bank.testsuite.BankTest@edf4efb]" name="customerShouldWithdrawMoneySuccessfully" duration-ms="25931" started-at="2020-12-03T21:25:19Z" finished-at="2020-12-03T21:25:44Z">
          <reporter-output>
            <line>
              <![CDATA[Clicks on Managers Login Button By.xpath: //button[contains(text(),'Bank Manager Login')]<br>]]>
            </line>
            <line>
              <![CDATA[Clicks on Add Customer Button By.xpath: //div[@class='center']//button[@ng-class='btnClass1']<br>]]>
            </line>
            <line>
              <![CDATA[Click on Add First Name Field By.xpath: //div[@class='form-group']//input[@placeholder='First Name']<br>]]>
            </line>
            <line>
              <![CDATA[Sends text to LastName Field By.xpath: //div[@class='form-group']//input[@placeholder='Last Name']<br>]]>
            </line>
            <line>
              <![CDATA[send text to PostCode Field By.xpath: //div[@class='form-group']//input[@placeholder='Post Code']<br>]]>
            </line>
            <line>
              <![CDATA[Clicks on Add to Customer ButtonBy.xpath: //button[@type='submit']<br>]]>
            </line>
            <line>
              <![CDATA[Clicks on Open Account Button By.xpath: //div[@class='center']//button[@ng-class='btnClass2']<br>]]>
            </line>
            <line>
              <![CDATA[Selects Customer Name from Drop Down By.xpath: //select[@id='userSelect']<br>]]>
            </line>
            <line>
              <![CDATA[Selects Currency Drop Down By.xpath: //select[@id='currency']<br>]]>
            </line>
            <line>
              <![CDATA[Clicks on Process Button By.xpath: //button[contains(text(),'Process')]<br>]]>
            </line>
            <line>
              <![CDATA[Selects Customer Name from Drop Down By.xpath: //select[@id='userSelect']<br>]]>
            </line>
            <line>
              <![CDATA[Clicks on Login Button By.xpath: //button[contains(text(),'Login')]<br>]]>
            </line>
            <line>
              <![CDATA[clicking on depositBy.xpath: //button[2][contains(text(),'Deposit')]<br>]]>
            </line>
            <line>
              <![CDATA[deposit money By.xpath: //div[@class='form-group']/input<br>]]>
            </line>
            <line>
              <![CDATA[clicking on depositBy.xpath: //form[@name='myForm']/button<br>]]>
            </line>
            <line>
              <![CDATA[get message to verifyBy.xpath: //span[contains(text(),'Deposit Successful')]<br>]]>
            </line>
            <line>
              <![CDATA[Selects Customer Name from Drop Down By.xpath: //select[@id='userSelect']<br>]]>
            </line>
            <line>
              <![CDATA[Clicks on Login Button By.xpath: //button[contains(text(),'Login')]<br>]]>
            </line>
            <line>
              <![CDATA[clicking on Withdrawal btnBy.xpath: //button[3][contains(text(),'Withdraw')]<br>]]>
            </line>
            <line>
              <![CDATA[enter Withdrawal amountBy.xpath: //div[@class='form-group']/input<br>]]>
            </line>
            <line>
              <![CDATA[clicking on WithdrawalBy.xpath: //form[@name='myForm']/button<br>]]>
            </line>
            <line>
              <![CDATA[get message to verifyBy.xpath: //span[contains(text(),'Transaction successful')]<br>]]>
            </line>
          </reporter-output>
        </test-method> <!-- customerShouldWithdrawMoneySuccessfully -->
        <test-method status="PASS" signature="tearDown()[pri:0, instance:com.bank.testsuite.BankTest@edf4efb]" name="tearDown" is-config="true" duration-ms="690" started-at="2020-12-03T21:25:44Z" finished-at="2020-12-03T21:25:45Z">
          <reporter-output>
          </reporter-output>
        </test-method> <!-- tearDown -->
      </class> <!-- com.bank.testsuite.BankTest -->
    </test> <!-- All Test -->
  </suite> <!-- testsuite -->
</testng-results>
