<?xml version="1.0" encoding="UTF-8"?>
<!-- Generated by org.testng.reporters.JUnitXMLReporter -->
<testsuite hostname="DESKTOP-APEKSHA" ignored="0" name="All Test" tests="5" failures="0" timestamp="03 Dec 2020 21:25:45 GMT" time="96.124" errors="0">
  <testcase name="bankManagerShouldAddCustomerSuccessfully" time="1.701" classname="com.bank.testsuite.BankTest"/>
  <testcase name="bankManagerShouldOpenAccountSuccessfully" time="3.29" classname="com.bank.testsuite.BankTest"/>
  <testcase name="customerShouldDepositMoneySuccessfully" time="15.114" classname="com.bank.testsuite.BankTest"/>
  <testcase name="customerShouldLoginAndLogoutSuccessfully" time="12.594" classname="com.bank.testsuite.BankTest"/>
  <testcase name="customerShouldWithdrawMoneySuccessfully" time="25.931" classname="com.bank.testsuite.BankTest"/>
</testsuite> <!-- All Test -->
